2025-03-03 00:00:04.581 [Error] Command failed: dotnet pack -c Release -o "G:\Git\Ghost\bin\Debug\net9.0\nupkg"
2025-03-03 00:00:04.584 [Error] Error: 
2025-03-03 00:00:05.403 [Error] dotnet restore failed: 
2025-03-03 00:02:20.443 [Error] Command failed: dotnet pack -c Release -o "G:\Git\Ghost\bin\Debug\net9.0\nupkg"
2025-03-03 00:02:20.444 [Error] Error: 
2025-03-03 00:02:21.188 [Error] dotnet restore failed: 
2025-03-03 00:03:13.604 [Error] Command failed: dotnet pack -c Release -o "G:\Git\Ghost\bin\Debug\net9.0\nupkg"
2025-03-03 00:03:13.606 [Error] Error: 
2025-03-03 00:03:14.389 [Error] dotnet restore failed: 
2025-03-03 00:03:18.665 [Error] Command failed: dotnet pack -c Release -o "G:\Git\Ghost\bin\Debug\net9.0\nupkg"
2025-03-03 00:03:18.666 [Error] Error: 
2025-03-03 00:03:19.430 [Error] dotnet restore failed: 
2025-03-03 00:03:23.541 [Error] Command failed: dotnet pack -c Release -o "G:\Git\Ghost\bin\Debug\net9.0\nupkg"
2025-03-03 00:03:23.542 [Error] Error: 
2025-03-03 00:03:24.292 [Error] dotnet restore failed: 
2025-03-03 00:22:03.395 [Error] dotnet restore failed: 
2025-03-03 00:29:24.270 [Error] dotnet restore failed with exit code 1:

Build started 3/2/2025 9:29:23 PM.
     1>Project "G:\Git\Ghost\bin\Debug\net9.0\ghosts\RareTrading\RareTrading.csproj" on node 1 (Restore target(s)).
     1>_GetAllRestoreProjectPathItems:
         Determining projects to restore...
       Restore:
         X.509 certificate chain validation will use the default trust store selected by .NET for code signing.
         X.509 certificate chain validation will use the default trust store selected by .NET for timestamping.
         Restoring packages for G:\Git\Ghost\bin\Debug\net9.0\ghosts\RareTrading\RareTrading.csproj...
           GET https://api.nuget.org/v3-flatcontainer/ghost.sdk/index.json
           NotFound https://api.nuget.org/v3-flatcontainer/ghost.sdk/index.json 287ms
     1>G:\Git\Ghost\bin\Debug\net9.0\ghosts\RareTrading\RareTrading.csproj : error NU1101: Unable to find package Ghost.SDK. No packages exist with this id in source(s): Microsoft Visual Studio Offline Packages, nuget.org
         Assets file has not changed. Skipping assets file writing. Path: G:\Git\Ghost\bin\Debug\net9.0\ghosts\RareTrading\obj\project.assets.json
         Failed to restore G:\Git\Ghost\bin\Debug\net9.0\ghosts\RareTrading\RareTrading.csproj (in 400 ms).
         
         NuGet Config files used:
             G:\Git\Ghost\bin\Debug\net9.0\ghosts\RareTrading\NuGet.Config
             C:\Users\Administrator\AppData\Roaming\NuGet\NuGet.Config
             C:\Program Files (x86)\NuGet\Config\Microsoft.VisualStudio.Offline.config
         
         Feeds used:
             https://api.nuget.org/v3/index.json
             C:\Program Files (x86)\Microsoft SDKs\NuGetPackages\
     1>Done Building Project "G:\Git\Ghost\bin\Debug\net9.0\ghosts\RareTrading\RareTrading.csproj" (Restore target(s)) -- FAILED.

Build FAILED.

       "G:\Git\Ghost\bin\Debug\net9.0\ghosts\RareTrading\RareTrading.csproj" (Restore target) (1) ->
       (Restore target) -> 
         G:\Git\Ghost\bin\Debug\net9.0\ghosts\RareTrading\RareTrading.csproj : error NU1101: Unable to find package Ghost.SDK. No packages exist with this id in source(s): Microsoft Visual Studio Offline Packages, nuget.org

    0 Warning(s)
    1 Error(s)

Time Elapsed 00:00:00.72

2025-03-03 00:59:07.667 [Error] Command failed: dotnet pack -c Release -o "G:\Git\Ghost\src\Ghost\nupkg"
2025-03-03 00:59:07.669 [Error] Error: 
2025-03-03 01:12:37.193 [Error] Command failed: dotnet pack -c Release -o "G:\Git\Ghost\bin\Debug\net9.0\"
2025-03-03 01:12:37.194 [Error] Error: 
